[35m[Appium][39m Welcome to Appium v1.22.2
[35m[Appium][39m Non-default server args:
[35m[Appium][39m   port: 49747
[35m[Appium][39m   loglevel: info
[35m[Appium][39m   tmpDir: C:\Users\amndn\AppData\Local\Temp\\Katalon\Appium\Temp1654836907979
[35m[Appium][39m   chromedriverPort: 49748
[35m[Appium][39m Deprecated server args:
[35m[Appium][39m   [31m--chromedriver-port[39m => --default-capabilities
[35m[Appium][39m Default capabilities, which will be added to each request unless overridden by desired capabilities:
[35m[Appium][39m   chromedriverPort: 49748
[35m[Appium][39m Appium REST http interface listener started on 0.0.0.0:49747
[35m[HTTP][39m [37m-->[39m [37mGET[39m [37m/wd/hub/status[39m
[35m[HTTP][39m [90m{}[39m
[35m[HTTP][39m [37m<-- GET /wd/hub/status [39m[32m200[39m [90m10 ms - 68[39m
[35m[HTTP][39m [90m[39m
[35m[HTTP][39m [37m-->[39m [37mGET[39m [37m/wd/hub/status[39m
[35m[HTTP][39m [90m{}[39m
[35m[HTTP][39m [37m<-- GET /wd/hub/status [39m[32m200[39m [90m3 ms - 68[39m
[35m[HTTP][39m [90m[39m
[35m[HTTP][39m [37m-->[39m [37mPOST[39m [37m/wd/hub/session[39m
[35m[HTTP][39m [90m{"desiredCapabilities":{"appActivity":".Settings","appPackage":"com.android.settings","newCommandTimeout":1800,"platformVersion":"10","automationName":"uiautomator2","autoGrantPermissions":true,"platformName":"Android","udid":"obae5xvcd6hy9hf6","deviceName":"Xiaomi Redmi Note 8 Pro (Android 10)","platform":"ANDROID","systemPort":8202},"capabilities":{"firstMatch":[{"appium:appActivity":".Settings","appium:appPackage":"com.android.settings","appium:autoGrantPermissions":true,"appium:automationName":"uiautomator2","appium:deviceName":"Xiaomi Redmi Note 8 Pro (Android 10)","appium:newCommandTimeout":1800,"platform":"ANDROID","platformName":"android","appium:platformVersion":"10","appium:systemPort":8202,"appium:udid":"obae5xvcd6hy9hf6"}]}}[39m
[35m[BaseDriver][39m The following capabilities are not standard capabilities and should have an extension prefix:
[35m[BaseDriver][39m   platform
[35m[BaseDriver][39m   chromedriverPort
[35m[Appium][39m Appium v1.22.2 creating new AndroidUiautomator2Driver (v1.70.1) session
[35m[BaseDriver][39m The following capabilities were provided, but are not recognized by Appium:
[35m[BaseDriver][39m   platform
[35m[BaseDriver][39m Session created with session id: 8b9380bb-8016-4e95-88f7-c31b8e261efc
[35m[UiAutomator2][39m Starting 'com.android.settings' directly on the device
[35m[ADB][39m Found 1 'build-tools' folders under 'C:\Users\amndn\.katalon\tools\android_sdk' (newest first):
[35m[ADB][39m     C:/Users/amndn/.katalon/tools/android_sdk/build-tools/30.0.3
[35m[ADB][39m Using 'adb.exe' from 'C:\Users\amndn\.katalon\tools\android_sdk\platform-tools\adb.exe'
[35m[AndroidDriver][39m Retrieving device list
[35m[AndroidDriver][39m Using device: obae5xvcd6hy9hf6
[35m[ADB][39m Using 'adb.exe' from 'C:\Users\amndn\.katalon\tools\android_sdk\platform-tools\adb.exe'
[35m[ADB][39m Getting device platform version
[35m[UiAutomator2][39m Relaxing hidden api policy
[35m[AndroidDriver][39m No app sent in, not parsing package/activity
[35m[ADB][39m Using 'apksigner.jar' from 'C:\Users\amndn\.katalon\tools\android_sdk\build-tools\30.0.3\lib\apksigner.jar'
[35m[ADB][39m 'C:\Users\amndn\AppData\Roaming\npm\node_modules\appium\node_modules\appium-uiautomator2-server\apks\appium-uiautomator2-server-v4.27.0.apk' is signed with the default certificate
[35m[ADB][39m 'C:\Users\amndn\AppData\Roaming\npm\node_modules\appium\node_modules\appium-uiautomator2-server\apks\appium-uiautomator2-server-debug-androidTest.apk' is signed with the default certificate
[35m[UiAutomator2][39m Server packages are not going to be (re)installed
[35m[ADB][39m Adding packages ["io.appium.settings","io.appium.uiautomator2.server","io.appium.uiautomator2.server.test"] to Doze whitelist
[35m[UiAutomator2][39m Starting UIAutomator2 server 4.27.0
[35m[UiAutomator2][39m Using UIAutomator2 server from 'C:\Users\amndn\AppData\Roaming\npm\node_modules\appium\node_modules\appium-uiautomator2-server\apks\appium-uiautomator2-server-v4.27.0.apk' and test from 'C:\Users\amndn\AppData\Roaming\npm\node_modules\appium\node_modules\appium-uiautomator2-server\apks\appium-uiautomator2-server-debug-androidTest.apk'
[35m[UiAutomator2][39m Waiting up to 30000ms for UiAutomator2 to be online...
[35m[WD Proxy][39m socket hang up
[35m[WD Proxy][39m socket hang up
[35m[WD Proxy][39m socket hang up
[35m[WD Proxy][39m Determined the downstream protocol as 'W3C'
[35m[AndroidDriver][39m Screen already unlocked, doing nothing
[35m[UiAutomator2][39m Starting 'com.android.settings/.Settings and waiting for 'com.android.settings/.Settings'
[35m[Appium][39m New AndroidUiautomator2Driver session created successfully, session 8b9380bb-8016-4e95-88f7-c31b8e261efc added to master session list
[35m[HTTP][39m [37m<-- POST /wd/hub/session [39m[32m200[39m [90m15124 ms - 1191[39m
[35m[HTTP][39m [90m[39m
[35m[HTTP][39m [37m-->[39m [37mGET[39m [37m/wd/hub/session/8b9380bb-8016-4e95-88f7-c31b8e261efc[39m
[35m[HTTP][39m [90m{}[39m
[35m[HTTP][39m [37m<-- GET /wd/hub/session/8b9380bb-8016-4e95-88f7-c31b8e261efc [39m[32m200[39m [90m13 ms - 1145[39m
[35m[HTTP][39m [90m[39m
[35m[HTTP][39m [37m-->[39m [37mGET[39m [37m/wd/hub/session/8b9380bb-8016-4e95-88f7-c31b8e261efc[39m
[35m[HTTP][39m [90m{}[39m
[35m[HTTP][39m [37m<-- GET /wd/hub/session/8b9380bb-8016-4e95-88f7-c31b8e261efc [39m[32m200[39m [90m11 ms - 1145[39m
[35m[HTTP][39m [90m[39m
[35m[HTTP][39m [37m-->[39m [37mGET[39m [37m/wd/hub/status[39m
[35m[HTTP][39m [90m{}[39m
[35m[HTTP][39m [37m<-- GET /wd/hub/status [39m[32m200[39m [90m1 ms - 68[39m
[35m[HTTP][39m [90m[39m
[35m[HTTP][39m [37m-->[39m [37mPOST[39m [37m/wd/hub/session/8b9380bb-8016-4e95-88f7-c31b8e261efc/timeouts[39m
[35m[HTTP][39m [90m{"implicit":60000}[39m
[35m[HTTP][39m [37m<-- POST /wd/hub/session/8b9380bb-8016-4e95-88f7-c31b8e261efc/timeouts [39m[32m200[39m [90m6 ms - 14[39m
[35m[HTTP][39m [90m[39m
[35m[HTTP][39m [37m-->[39m [37mGET[39m [37m/wd/hub/session/8b9380bb-8016-4e95-88f7-c31b8e261efc/screenshot[39m
[35m[HTTP][39m [90m{}[39m
[35m[HTTP][39m [37m<-- GET /wd/hub/session/8b9380bb-8016-4e95-88f7-c31b8e261efc/screenshot [39m[32m200[39m [90m418 ms - 267636[39m
[35m[HTTP][39m [90m[39m
[35m[HTTP][39m [37m-->[39m [37mGET[39m [37m/wd/hub/session/8b9380bb-8016-4e95-88f7-c31b8e261efc/window/rect[39m
[35m[HTTP][39m [90m{}[39m
[35m[HTTP][39m [37m<-- GET /wd/hub/session/8b9380bb-8016-4e95-88f7-c31b8e261efc/window/rect [39m[32m200[39m [90m34 ms - 50[39m
[35m[HTTP][39m [90m[39m
[35m[HTTP][39m [37m-->[39m [37mGET[39m [37m/wd/hub/session/8b9380bb-8016-4e95-88f7-c31b8e261efc/appium/device/system_bars[39m
[35m[HTTP][39m [90m{}[39m
[35m[HTTP][39m [37m<-- GET /wd/hub/session/8b9380bb-8016-4e95-88f7-c31b8e261efc/appium/device/system_bars [39m[32m200[39m [90m142 ms - 148[39m
[35m[HTTP][39m [90m[39m
[35m[HTTP][39m [37m-->[39m [37mPOST[39m [37m/wd/hub/session/8b9380bb-8016-4e95-88f7-c31b8e261efc/appium/device/activate_app[39m
[35m[HTTP][39m [90m{"bundleId":"id.co.bankraya.apps.dev"}[39m
[35m[HTTP][39m [37m<-- POST /wd/hub/session/8b9380bb-8016-4e95-88f7-c31b8e261efc/appium/device/activate_app [39m[32m200[39m [90m426 ms - 14[39m
[35m[HTTP][39m [90m[39m
[35m[HTTP][39m [37m-->[39m [37mGET[39m [37m/wd/hub/session/8b9380bb-8016-4e95-88f7-c31b8e261efc/source[39m
[35m[HTTP][39m [90m{}[39m
[35m[W3C (8b9380bb)][39m Driver proxy active, passing request on via HTTP proxy
[35m[WD Proxy][39m Replacing sessionId 8c037f16-b4e0-47e6-adcd-961dc3863bd4 with 8b9380bb-8016-4e95-88f7-c31b8e261efc
[35m[HTTP][39m [37m<-- GET /wd/hub/session/8b9380bb-8016-4e95-88f7-c31b8e261efc/source [39m[32m200[39m [90m10320 ms - 8457[39m
[35m[HTTP][39m [90m[39m
[35m[HTTP][39m [37m-->[39m [37mGET[39m [37m/wd/hub/session/8b9380bb-8016-4e95-88f7-c31b8e261efc/screenshot[39m
[35m[HTTP][39m [90m{}[39m
[35m[HTTP][39m [37m<-- GET /wd/hub/session/8b9380bb-8016-4e95-88f7-c31b8e261efc/screenshot [39m[32m200[39m [90m519 ms - 334978[39m
[35m[HTTP][39m [90m[39m
[35m[HTTP][39m [37m-->[39m [37mPOST[39m [37m/wd/hub/session/8b9380bb-8016-4e95-88f7-c31b8e261efc/elements[39m
[35m[HTTP][39m [90m{"using":"xpath","value":"//*[@class = 'android.widget.Button' and @resource-id = '' and (@text = '' or . = '')]"}[39m
[35m[HTTP][39m [37m<-- POST /wd/hub/session/8b9380bb-8016-4e95-88f7-c31b8e261efc/elements [39m[32m200[39m [90m10674 ms - 139[39m
[35m[HTTP][39m [90m[39m
[35m[HTTP][39m [37m-->[39m [37mGET[39m [37m/wd/hub/session/8b9380bb-8016-4e95-88f7-c31b8e261efc/window/rect[39m
[35m[HTTP][39m [90m{}[39m
[35m[HTTP][39m [37m<-- GET /wd/hub/session/8b9380bb-8016-4e95-88f7-c31b8e261efc/window/rect [39m[32m200[39m [90m20 ms - 50[39m
[35m[HTTP][39m [90m[39m
[35m[HTTP][39m [37m-->[39m [37mPOST[39m [37m/wd/hub/session/8b9380bb-8016-4e95-88f7-c31b8e261efc/elements[39m
[35m[HTTP][39m [90m{"using":"xpath","value":"//*[@class = 'android.widget.Button' and @resource-id = '' and (@text = '' or . = '')]"}[39m
[35m[HTTP][39m [37m<-- POST /wd/hub/session/8b9380bb-8016-4e95-88f7-c31b8e261efc/elements [39m[32m200[39m [90m10160 ms - 139[39m
[35m[HTTP][39m [90m[39m
[35m[HTTP][39m [37m-->[39m [37mGET[39m [37m/wd/hub/session/8b9380bb-8016-4e95-88f7-c31b8e261efc/element/00000000-0000-0034-0000-000f00000005/location[39m
[35m[HTTP][39m [90m{}[39m
[35m[W3C (8b9380bb)][39m Driver proxy active, passing request on via HTTP proxy
[35m[WD Proxy][39m Replacing sessionId 8c037f16-b4e0-47e6-adcd-961dc3863bd4 with 8b9380bb-8016-4e95-88f7-c31b8e261efc
[35m[HTTP][39m [37m<-- GET /wd/hub/session/8b9380bb-8016-4e95-88f7-c31b8e261efc/element/00000000-0000-0034-0000-000f00000005/location [39m[32m200[39m [90m20173 ms - 78[39m
[35m[HTTP][39m [90m[39m
[35m[HTTP][39m [37m-->[39m [37mPOST[39m [37m/wd/hub/session/8b9380bb-8016-4e95-88f7-c31b8e261efc/element/00000000-0000-0034-0000-000f00000005/click[39m
[35m[HTTP][39m [90m{"id":"00000000-0000-0034-0000-000f00000005"}[39m
[35m[HTTP][39m [37m<-- POST /wd/hub/session/8b9380bb-8016-4e95-88f7-c31b8e261efc/element/00000000-0000-0034-0000-000f00000005/click [39m[32m200[39m [90m30320 ms - 14[39m
[35m[HTTP][39m [90m[39m
[35m[HTTP][39m [37m-->[39m [37mGET[39m [37m/wd/hub/session/8b9380bb-8016-4e95-88f7-c31b8e261efc/source[39m
[35m[HTTP][39m [90m{}[39m
[35m[W3C (8b9380bb)][39m Driver proxy active, passing request on via HTTP proxy
[35m[WD Proxy][39m Replacing sessionId 8c037f16-b4e0-47e6-adcd-961dc3863bd4 with 8b9380bb-8016-4e95-88f7-c31b8e261efc
[35m[HTTP][39m [37m<-- GET /wd/hub/session/8b9380bb-8016-4e95-88f7-c31b8e261efc/source [39m[32m200[39m [90m10214 ms - 6747[39m
[35m[HTTP][39m [90m[39m
[35m[HTTP][39m [37m-->[39m [37mGET[39m [37m/wd/hub/session/8b9380bb-8016-4e95-88f7-c31b8e261efc/screenshot[39m
[35m[HTTP][39m [90m{}[39m
[35m[HTTP][39m [37m<-- GET /wd/hub/session/8b9380bb-8016-4e95-88f7-c31b8e261efc/screenshot [39m[32m200[39m [90m450 ms - 119304[39m
[35m[HTTP][39m [90m[39m
[35m[HTTP][39m [37m-->[39m [37mPOST[39m [37m/wd/hub/session/8b9380bb-8016-4e95-88f7-c31b8e261efc/elements[39m
[35m[HTTP][39m [90m{"using":"xpath","value":"//*[@class = 'android.widget.EditText' and (@text = 'Contoh: 0812 3456 789' or . = 'Contoh: 0812 3456 789') and @resource-id = '']"}[39m
[35m[HTTP][39m [37m<-- POST /wd/hub/session/8b9380bb-8016-4e95-88f7-c31b8e261efc/elements [39m[32m200[39m [90m10257 ms - 139[39m
[35m[HTTP][39m [90m[39m
[35m[HTTP][39m [37m-->[39m [37mGET[39m [37m/wd/hub/session/8b9380bb-8016-4e95-88f7-c31b8e261efc/window/rect[39m
[35m[HTTP][39m [90m{}[39m
[35m[HTTP][39m [37m<-- GET /wd/hub/session/8b9380bb-8016-4e95-88f7-c31b8e261efc/window/rect [39m[32m200[39m [90m18 ms - 50[39m
[35m[HTTP][39m [90m[39m
[35m[HTTP][39m [37m-->[39m [37mPOST[39m [37m/wd/hub/session/8b9380bb-8016-4e95-88f7-c31b8e261efc/elements[39m
[35m[HTTP][39m [90m{"using":"xpath","value":"//*[@class = 'android.widget.EditText' and (@text = 'Contoh: 0812 3456 789' or . = 'Contoh: 0812 3456 789') and @resource-id = '']"}[39m
[35m[HTTP][39m [37m<-- POST /wd/hub/session/8b9380bb-8016-4e95-88f7-c31b8e261efc/elements [39m[32m200[39m [90m10269 ms - 139[39m
[35m[HTTP][39m [90m[39m
[35m[HTTP][39m [37m-->[39m [37mGET[39m [37m/wd/hub/session/8b9380bb-8016-4e95-88f7-c31b8e261efc/element/00000000-0000-0034-0000-001300000005/location[39m
[35m[HTTP][39m [90m{}[39m
[35m[W3C (8b9380bb)][39m Driver proxy active, passing request on via HTTP proxy
[35m[WD Proxy][39m Replacing sessionId 8c037f16-b4e0-47e6-adcd-961dc3863bd4 with 8b9380bb-8016-4e95-88f7-c31b8e261efc
[35m[HTTP][39m [37m<-- GET /wd/hub/session/8b9380bb-8016-4e95-88f7-c31b8e261efc/element/00000000-0000-0034-0000-001300000005/location [39m[32m200[39m [90m20117 ms - 77[39m
[35m[HTTP][39m [90m[39m
[35m[HTTP][39m [37m-->[39m [37mPOST[39m [37m/wd/hub/session/8b9380bb-8016-4e95-88f7-c31b8e261efc/element/00000000-0000-0034-0000-001300000005/click[39m
[35m[HTTP][39m [90m{"id":"00000000-0000-0034-0000-001300000005"}[39m
[35m[WD Proxy][39m socket hang up
[35m[HTTP][39m [37m<-- POST /wd/hub/session/8b9380bb-8016-4e95-88f7-c31b8e261efc/element/00000000-0000-0034-0000-001300000005/click [39m[31m500[39m [90m8422 ms - 857[39m
[35m[HTTP][39m [90m[39m
[35m[HTTP][39m [37m-->[39m [37mDELETE[39m [37m/wd/hub/session/8b9380bb-8016-4e95-88f7-c31b8e261efc[39m
[35m[HTTP][39m [90m{}[39m
[35m[Appium][39m Removing session 8b9380bb-8016-4e95-88f7-c31b8e261efc from our master session list
[35m[UiAutomator2][39m Did not get confirmation UiAutomator2 deleteSession worked; Error was: UnknownError: An unknown server-side error occurred while processing the command. Original error: 'DELETE /' cannot be proxied to UiAutomator2 server because the instrumentation process is not running (probably crashed). Check the server log and/or the logcat output for more details
[35m[ADB][39m Error sending command, reconnecting device and retrying: shell,am,force-stop,com.android.settings
[35m[UiAutomator2][39m Unable to force stop app: Could not find a connected Android device in 20247ms.
[35m[ADB][39m Error sending command, reconnecting device and retrying: forward,--remove,tcp:8202
[35m[UiAutomator2][39m Unable to remove system port forward: Could not find a connected Android device in 20353ms.
[35m[UiAutomator2][39m Restoring hidden api policy to the device default configuration
[35m[ADB][39m Error sending command, reconnecting device and retrying: shell,settings delete global hidden_api_policy_pre_p_apps;settings delete global hidden_api_policy_p_apps;settings delete global hidden_api_policy
[35m[HTTP][39m [37m<-- DELETE /wd/hub/session/8b9380bb-8016-4e95-88f7-c31b8e261efc [39m[31m500[39m [90m64234 ms - 667[39m
[35m[HTTP][39m [90m[39m
